<?xml version="1.0" encoding="UTF-8"?>
<!-- Generated by org.testng.reporters.JUnitReportReporter -->
<testsuite hostname="DJX1JTS1" name="testsel.Gurukulatestcases" tests="1" failures="0" timestamp="27 Apr 2016 10:45:32 GMT" time="1.031" errors="0">
  <testcase name="branchverify" time="1.031" classname="testsel.Gurukulatestcases"/>
</testsuite> <!-- testsel.Gurukulatestcases -->
